<?xml version="1.0" encoding="UTF-8"?>
<!-- Generated by org.testng.reporters.JUnitXMLReporter -->
<testsuite ignored="1" hostname="DESKTOP-9HG1TI6" failures="0" tests="2" name="Car Loan" time="0.029" errors="0" timestamp="2024-12-06T23:21:29 IST">
  <testcase classname="test.day4" name="LoginAPIHomeLoan" time="0.007"/>
  <testcase classname="test.day4" name="WebLoginHomeLoan" time="0.001"/>
  <testcase classname="test.day4" name="MobileLoginHomeLoan" time="0.0">
    <ignored/>
  </testcase> <!-- MobileLoginHomeLoan -->
</testsuite> <!-- Car Loan -->
