<?xml version="1.0" encoding="UTF-8"?>
<!-- Generated by org.testng.reporters.JUnitXMLReporter -->
<testsuite ignored="1" hostname="DESKTOP-9HG1TI6" failures="0" tests="2" name="Car Loan" time="0.013" errors="0" timestamp="2024-11-04T23:36:45 IST">
  <testcase classname="test.day3" name="LoginAPICarLoan" time="0.002"/>
  <testcase classname="test.day3" name="WebLoginCarLoan" time="0.003"/>
  <testcase classname="test.day3" name="MobileLoginCarLoan" time="0.0">
    <ignored/>
  </testcase> <!-- MobileLoginCarLoan -->
</testsuite> <!-- Car Loan -->
