<?xml version="1.0" encoding="UTF-8"?>
<!-- Generated by org.testng.reporters.JUnitXMLReporter -->
<testsuite ignored="0" hostname="DESKTOP-9HG1TI6" failures="0" tests="3" name="Home Loan" time="0.037" errors="0" timestamp="2024-11-04T23:26:52 IST">
  <testcase classname="test.day4" name="LoginAPIHomeLoan" time="0.003"/>
  <testcase classname="test.day4" name="MobileLoginHomeLoan" time="0.004"/>
  <testcase classname="test.day4" name="WebLoginHomeLoan" time="0.003"/>
</testsuite> <!-- Home Loan -->
