<?xml version="1.0" encoding="UTF-8"?>
<!-- Generated by org.testng.reporters.JUnitXMLReporter -->
<testsuite ignored="3" hostname="DESKTOP-9HG1TI6" failures="0" tests="5" name="Personal Loan" time="0.265" errors="0" timestamp="2024-12-03T22:50:39 IST">
  <testcase classname="test.day2" name="secondTest" time="0.023"/>
  <testcase classname="test.day3" name="MobileLoginCarLoan" time="0.003"/>
  <testcase classname="test.day3" name="MobilesignoutCarLoan" time="0.005"/>
  <testcase classname="test.day3" name="WebLoginCarLoan" time="0.007"/>
  <testcase classname="test.day3" name="LoginAPICarLoan" time="0.016"/>
  <testcase classname="test.day3" name="MobilesigninCarLoan" time="0.0">
    <ignored/>
  </testcase> <!-- MobilesigninCarLoan -->
  <testcase classname="test.day1" name="firstTest" time="0.0">
    <ignored/>
  </testcase> <!-- firstTest -->
  <testcase classname="test.day1" name="SecondTest" time="0.0">
    <ignored/>
  </testcase> <!-- SecondTest -->
</testsuite> <!-- Personal Loan -->
