<?xml version="1.0" encoding="UTF-8"?>
<!-- Generated by org.testng.reporters.JUnitXMLReporter -->
<testsuite ignored="0" hostname="DESKTOP-9HG1TI6" failures="0" tests="11" name="Personal Loan" time="0.635" errors="0" timestamp="2024-12-02T00:35:07 IST">
  <testcase classname="test.day1" name="Demo" time="0.026"/>
  <testcase classname="test.day1" name="SecondTest" time="0.01"/>
  <testcase classname="test.day2" name="Ploan" time="0.004"/>
  <testcase classname="test.day3" name="LoginAPICarLoan" time="0.006"/>
  <testcase classname="test.day3" name="MobileLoginCarLoan" time="0.08"/>
  <testcase classname="test.day3" name="MobilesigninCarLoan" time="0.009"/>
  <testcase classname="test.day3" name="MobilesignoutCarLoan" time="0.009"/>
  <testcase classname="test.day3" name="WebLoginCarLoan" time="0.002"/>
  <testcase classname="test.day4" name="LoginAPIHomeLoan" time="0.004"/>
  <testcase classname="test.day4" name="MobileLoginHomeLoan" time="0.01"/>
  <testcase classname="test.day4" name="WebLoginHomeLoan" time="0.002"/>
</testsuite> <!-- Personal Loan -->
