<?xml version="1.0" encoding="UTF-8"?>
<!-- Generated by org.testng.reporters.JUnitXMLReporter -->
<testsuite ignored="8" hostname="DESKTOP-9HG1TI6" failures="0" tests="3" name="Regression" time="0.229" errors="0" timestamp="2024-12-02T01:34:57 IST">
  <testcase classname="test.day2" name="Ploan" time="0.031"/>
  <testcase classname="test.day3" name="MobileLoginCarLoan" time="0.002"/>
  <testcase classname="test.day4" name="MobileLoginHomeLoan" time="0.009"/>
  <testcase classname="test.day4" name="LoginAPIHomeLoan" time="0.0">
    <ignored/>
  </testcase> <!-- LoginAPIHomeLoan -->
  <testcase classname="test.day4" name="WebLoginHomeLoan" time="0.0">
    <ignored/>
  </testcase> <!-- WebLoginHomeLoan -->
  <testcase classname="test.day1" name="Demo" time="0.0">
    <ignored/>
  </testcase> <!-- Demo -->
  <testcase classname="test.day3" name="WebLoginCarLoan" time="0.0">
    <ignored/>
  </testcase> <!-- WebLoginCarLoan -->
  <testcase classname="test.day3" name="MobilesignoutCarLoan" time="0.0">
    <ignored/>
  </testcase> <!-- MobilesignoutCarLoan -->
  <testcase classname="test.day1" name="SecondTest" time="0.0">
    <ignored/>
  </testcase> <!-- SecondTest -->
  <testcase classname="test.day3" name="LoginAPICarLoan" time="0.0">
    <ignored/>
  </testcase> <!-- LoginAPICarLoan -->
  <testcase classname="test.day3" name="MobilesigninCarLoan" time="0.0">
    <ignored/>
  </testcase> <!-- MobilesigninCarLoan -->
</testsuite> <!-- Regression -->
