<?xml version="1.0" encoding="UTF-8"?>
<testng-results ignored="0" total="7" passed="7" failed="0" skipped="0">
  <reporter-output>
  </reporter-output>
  <suite started-at="2024-12-03T22:50:39 IST" name="Loan Department" finished-at="2024-12-03T22:50:39 IST" duration-ms="572">
    <groups>
      <group name="Smoke">
        <method signature="day3.MobileLoginCarLoan()[pri:0, instance:test.day3@75d3a5e0]" name="MobileLoginCarLoan" class="test.day3"/>
        <method signature="day2.secondTest()[pri:0, instance:test.day2@1ca3b418]" name="secondTest" class="test.day2"/>
      </group> <!-- Smoke -->
    </groups>
    <test started-at="2024-12-03T22:50:39 IST" name="Personal Loan" finished-at="2024-12-03T22:50:39 IST" duration-ms="265">
      <class name="test.day2">
        <test-method is-config="true" signature="firstexecution()[pri:0, instance:test.day2@1ca3b418]" started-at="2024-12-03T22:50:39 IST" name="firstexecution" finished-at="2024-12-03T22:50:39 IST" duration-ms="1" status="PASS">
          <reporter-output>
          </reporter-output>
        </test-method> <!-- firstexecution -->
        <test-method signature="secondTest()[pri:0, instance:test.day2@1ca3b418]" started-at="2024-12-03T22:50:39 IST" name="secondTest" finished-at="2024-12-03T22:50:39 IST" duration-ms="23" status="PASS">
          <reporter-output>
          </reporter-output>
        </test-method> <!-- secondTest -->
        <test-method is-config="true" signature="lastexecution()[pri:0, instance:test.day2@1ca3b418]" started-at="2024-12-03T22:50:39 IST" name="lastexecution" finished-at="2024-12-03T22:50:39 IST" duration-ms="1" status="PASS">
          <reporter-output>
          </reporter-output>
        </test-method> <!-- lastexecution -->
      </class> <!-- test.day2 -->
      <class name="test.day3">
        <test-method is-config="true" signature="beforemethod()[pri:0, instance:test.day3@75d3a5e0]" started-at="2024-12-03T22:50:39 IST" name="beforemethod" finished-at="2024-12-03T22:50:39 IST" duration-ms="2" status="PASS">
          <reporter-output>
          </reporter-output>
        </test-method> <!-- beforemethod -->
        <test-method signature="MobileLoginCarLoan()[pri:0, instance:test.day3@75d3a5e0]" started-at="2024-12-03T22:50:39 IST" name="MobileLoginCarLoan" finished-at="2024-12-03T22:50:39 IST" duration-ms="3" status="PASS">
          <reporter-output>
          </reporter-output>
        </test-method> <!-- MobileLoginCarLoan -->
        <test-method is-config="true" signature="aftermethod()[pri:0, instance:test.day3@75d3a5e0]" started-at="2024-12-03T22:50:39 IST" name="aftermethod" finished-at="2024-12-03T22:50:39 IST" duration-ms="2" status="PASS">
          <reporter-output>
          </reporter-output>
        </test-method> <!-- aftermethod -->
        <test-method is-config="true" signature="beforemethod()[pri:0, instance:test.day3@75d3a5e0]" started-at="2024-12-03T22:50:39 IST" name="beforemethod" finished-at="2024-12-03T22:50:39 IST" duration-ms="1" status="PASS">
          <reporter-output>
          </reporter-output>
        </test-method> <!-- beforemethod -->
        <test-method signature="MobilesignoutCarLoan()[pri:0, instance:test.day3@75d3a5e0]" started-at="2024-12-03T22:50:39 IST" name="MobilesignoutCarLoan" finished-at="2024-12-03T22:50:39 IST" duration-ms="5" status="PASS">
          <reporter-output>
          </reporter-output>
        </test-method> <!-- MobilesignoutCarLoan -->
        <test-method is-config="true" signature="aftermethod()[pri:0, instance:test.day3@75d3a5e0]" started-at="2024-12-03T22:50:39 IST" name="aftermethod" finished-at="2024-12-03T22:50:39 IST" duration-ms="1" status="PASS">
          <reporter-output>
          </reporter-output>
        </test-method> <!-- aftermethod -->
        <test-method is-config="true" signature="beforemethod()[pri:0, instance:test.day3@75d3a5e0]" started-at="2024-12-03T22:50:39 IST" name="beforemethod" finished-at="2024-12-03T22:50:39 IST" duration-ms="2" status="PASS">
          <reporter-output>
          </reporter-output>
        </test-method> <!-- beforemethod -->
        <test-method signature="WebLoginCarLoan()[pri:0, instance:test.day3@75d3a5e0]" started-at="2024-12-03T22:50:39 IST" name="WebLoginCarLoan" finished-at="2024-12-03T22:50:39 IST" duration-ms="7" status="PASS">
          <reporter-output>
          </reporter-output>
        </test-method> <!-- WebLoginCarLoan -->
        <test-method is-config="true" signature="aftermethod()[pri:0, instance:test.day3@75d3a5e0]" started-at="2024-12-03T22:50:39 IST" name="aftermethod" finished-at="2024-12-03T22:50:39 IST" duration-ms="3" status="PASS">
          <reporter-output>
          </reporter-output>
        </test-method> <!-- aftermethod -->
        <test-method is-config="true" signature="beforemethod()[pri:0, instance:test.day3@75d3a5e0]" started-at="2024-12-03T22:50:39 IST" name="beforemethod" finished-at="2024-12-03T22:50:39 IST" duration-ms="1" status="PASS">
          <reporter-output>
          </reporter-output>
        </test-method> <!-- beforemethod -->
        <test-method signature="LoginAPICarLoan()[pri:0, instance:test.day3@75d3a5e0]" started-at="2024-12-03T22:50:39 IST" name="LoginAPICarLoan" finished-at="2024-12-03T22:50:39 IST" depends-on-methods="test.day3.WebLoginCarLoan" duration-ms="16" status="PASS">
          <reporter-output>
          </reporter-output>
        </test-method> <!-- LoginAPICarLoan -->
        <test-method is-config="true" signature="aftermethod()[pri:0, instance:test.day3@75d3a5e0]" started-at="2024-12-03T22:50:39 IST" name="aftermethod" finished-at="2024-12-03T22:50:39 IST" duration-ms="3" status="PASS">
          <reporter-output>
          </reporter-output>
        </test-method> <!-- aftermethod -->
      </class> <!-- test.day3 -->
    </test> <!-- Personal Loan -->
    <test started-at="2024-12-03T22:50:39 IST" name="Car Loan" finished-at="2024-12-03T22:50:39 IST" duration-ms="30">
      <class name="test.day4">
        <test-method is-config="true" signature="beforeclass()[pri:0, instance:test.day4@359df09a]" started-at="2024-12-03T22:50:39 IST" name="beforeclass" finished-at="2024-12-03T22:50:39 IST" duration-ms="2" status="PASS">
          <reporter-output>
          </reporter-output>
        </test-method> <!-- beforeclass -->
        <test-method signature="LoginAPIHomeLoan()[pri:0, instance:test.day4@359df09a]" started-at="2024-12-03T22:50:39 IST" name="LoginAPIHomeLoan" finished-at="2024-12-03T22:50:39 IST" duration-ms="4" status="PASS">
          <reporter-output>
          </reporter-output>
        </test-method> <!-- LoginAPIHomeLoan -->
        <test-method signature="WebLoginHomeLoan()[pri:0, instance:test.day4@359df09a]" started-at="2024-12-03T22:50:39 IST" name="WebLoginHomeLoan" finished-at="2024-12-03T22:50:39 IST" duration-ms="3" status="PASS">
          <reporter-output>
          </reporter-output>
        </test-method> <!-- WebLoginHomeLoan -->
        <test-method is-config="true" signature="afterclass()[pri:0, instance:test.day4@359df09a]" started-at="2024-12-03T22:50:39 IST" name="afterclass" finished-at="2024-12-03T22:50:39 IST" duration-ms="5" status="PASS">
          <reporter-output>
          </reporter-output>
        </test-method> <!-- afterclass -->
      </class> <!-- test.day4 -->
      <class name="test.day1">
        <test-method is-config="true" signature="beforesuite()[pri:0, instance:test.day1@117159c0]" started-at="2024-12-03T22:50:39 IST" name="beforesuite" finished-at="2024-12-03T22:50:39 IST" duration-ms="33" status="PASS">
          <reporter-output>
          </reporter-output>
        </test-method> <!-- beforesuite -->
        <test-method is-config="true" signature="aftersuite()[pri:0, instance:test.day1@117159c0]" started-at="2024-12-03T22:50:39 IST" name="aftersuite" finished-at="2024-12-03T22:50:39 IST" duration-ms="4" status="PASS">
          <reporter-output>
          </reporter-output>
        </test-method> <!-- aftersuite -->
      </class> <!-- test.day1 -->
    </test> <!-- Car Loan -->
  </suite> <!-- Loan Department -->
</testng-results>
