<?xml version="1.0" encoding="UTF-8"?>
<testng-results ignored="0" total="11" passed="11" failed="0" skipped="0">
  <reporter-output>
  </reporter-output>
  <suite started-at="2024-12-02T00:35:07 IST" name="Loan Department" finished-at="2024-12-02T00:35:07 IST" duration-ms="635">
    <groups>
    </groups>
    <test started-at="2024-12-02T00:35:07 IST" name="Personal Loan" finished-at="2024-12-02T00:35:07 IST" duration-ms="635">
      <class name="test.day4">
        <test-method signature="LoginAPIHomeLoan()[pri:0, instance:test.day4@15043a2f]" started-at="2024-12-02T00:35:07 IST" name="LoginAPIHomeLoan" finished-at="2024-12-02T00:35:07 IST" duration-ms="4" status="PASS">
          <reporter-output>
          </reporter-output>
        </test-method> <!-- LoginAPIHomeLoan -->
        <test-method signature="MobileLoginHomeLoan()[pri:0, instance:test.day4@15043a2f]" started-at="2024-12-02T00:35:07 IST" name="MobileLoginHomeLoan" finished-at="2024-12-02T00:35:07 IST" duration-ms="10" status="PASS">
          <reporter-output>
          </reporter-output>
        </test-method> <!-- MobileLoginHomeLoan -->
        <test-method signature="WebLoginHomeLoan()[pri:0, instance:test.day4@15043a2f]" started-at="2024-12-02T00:35:07 IST" name="WebLoginHomeLoan" finished-at="2024-12-02T00:35:07 IST" duration-ms="2" status="PASS">
          <reporter-output>
          </reporter-output>
        </test-method> <!-- WebLoginHomeLoan -->
      </class> <!-- test.day4 -->
      <class name="test.day2">
        <test-method is-config="true" signature="prerequisits()[pri:0, instance:test.day2@196a42c3]" started-at="2024-12-02T00:35:07 IST" name="prerequisits" finished-at="2024-12-02T00:35:07 IST" duration-ms="31" status="PASS">
          <reporter-output>
          </reporter-output>
        </test-method> <!-- prerequisits -->
        <test-method signature="Ploan()[pri:0, instance:test.day2@196a42c3]" started-at="2024-12-02T00:35:07 IST" name="Ploan" finished-at="2024-12-02T00:35:07 IST" duration-ms="4" status="PASS">
          <reporter-output>
          </reporter-output>
        </test-method> <!-- Ploan -->
      </class> <!-- test.day2 -->
      <class name="test.day3">
        <test-method signature="LoginAPICarLoan()[pri:0, instance:test.day3@4c60d6e9]" started-at="2024-12-02T00:35:07 IST" name="LoginAPICarLoan" finished-at="2024-12-02T00:35:07 IST" duration-ms="6" status="PASS">
          <reporter-output>
          </reporter-output>
        </test-method> <!-- LoginAPICarLoan -->
        <test-method signature="MobileLoginCarLoan()[pri:0, instance:test.day3@4c60d6e9]" started-at="2024-12-02T00:35:07 IST" name="MobileLoginCarLoan" finished-at="2024-12-02T00:35:07 IST" duration-ms="80" status="PASS">
          <reporter-output>
          </reporter-output>
        </test-method> <!-- MobileLoginCarLoan -->
        <test-method signature="MobilesigninCarLoan()[pri:0, instance:test.day3@4c60d6e9]" started-at="2024-12-02T00:35:07 IST" name="MobilesigninCarLoan" finished-at="2024-12-02T00:35:07 IST" duration-ms="9" status="PASS">
          <reporter-output>
          </reporter-output>
        </test-method> <!-- MobilesigninCarLoan -->
        <test-method signature="MobilesignoutCarLoan()[pri:0, instance:test.day3@4c60d6e9]" started-at="2024-12-02T00:35:07 IST" name="MobilesignoutCarLoan" finished-at="2024-12-02T00:35:07 IST" duration-ms="9" status="PASS">
          <reporter-output>
          </reporter-output>
        </test-method> <!-- MobilesignoutCarLoan -->
        <test-method signature="WebLoginCarLoan()[pri:0, instance:test.day3@4c60d6e9]" started-at="2024-12-02T00:35:07 IST" name="WebLoginCarLoan" finished-at="2024-12-02T00:35:07 IST" duration-ms="2" status="PASS">
          <reporter-output>
          </reporter-output>
        </test-method> <!-- WebLoginCarLoan -->
      </class> <!-- test.day3 -->
      <class name="test.day1">
        <test-method signature="Demo()[pri:0, instance:test.day1@742ff096]" started-at="2024-12-02T00:35:07 IST" name="Demo" finished-at="2024-12-02T00:35:07 IST" duration-ms="26" status="PASS">
          <reporter-output>
          </reporter-output>
        </test-method> <!-- Demo -->
        <test-method signature="SecondTest()[pri:0, instance:test.day1@742ff096]" started-at="2024-12-02T00:35:07 IST" name="SecondTest" finished-at="2024-12-02T00:35:07 IST" duration-ms="10" status="PASS">
          <reporter-output>
          </reporter-output>
        </test-method> <!-- SecondTest -->
        <test-method is-config="true" signature="lastexecution()[pri:0, instance:test.day1@742ff096]" started-at="2024-12-02T00:35:07 IST" name="lastexecution" finished-at="2024-12-02T00:35:07 IST" duration-ms="2" status="PASS">
          <reporter-output>
          </reporter-output>
        </test-method> <!-- lastexecution -->
      </class> <!-- test.day1 -->
    </test> <!-- Personal Loan -->
  </suite> <!-- Loan Department -->
</testng-results>
