<?xml version="1.0" encoding="UTF-8"?>
<testng-results ignored="0" total="6" passed="6" failed="0" skipped="0">
  <reporter-output>
  </reporter-output>
  <suite started-at="2024-11-04T23:36:45 IST" name="Loan Department" finished-at="2024-11-04T23:36:45 IST" duration-ms="329">
    <groups>
    </groups>
    <test started-at="2024-11-04T23:36:45 IST" name="Personal Loan" finished-at="2024-11-04T23:36:45 IST" duration-ms="121">
      <class name="test.day2">
        <test-method signature="Ploan()[pri:0, instance:test.day2@6221a451]" started-at="2024-11-04T23:36:45 IST" name="Ploan" finished-at="2024-11-04T23:36:45 IST" duration-ms="4" status="PASS">
          <reporter-output>
          </reporter-output>
        </test-method> <!-- Ploan -->
      </class> <!-- test.day2 -->
      <class name="test.day1">
        <test-method signature="Demo()[pri:0, instance:test.day1@272113c4]" started-at="2024-11-04T23:36:45 IST" name="Demo" finished-at="2024-11-04T23:36:45 IST" duration-ms="17" status="PASS">
          <reporter-output>
          </reporter-output>
        </test-method> <!-- Demo -->
        <test-method signature="SecondTest()[pri:0, instance:test.day1@272113c4]" started-at="2024-11-04T23:36:45 IST" name="SecondTest" finished-at="2024-11-04T23:36:45 IST" duration-ms="2" status="PASS">
          <reporter-output>
          </reporter-output>
        </test-method> <!-- SecondTest -->
      </class> <!-- test.day1 -->
    </test> <!-- Personal Loan -->
    <test started-at="2024-11-04T23:36:45 IST" name="Car Loan" finished-at="2024-11-04T23:36:45 IST" duration-ms="13">
      <class name="test.day3">
        <test-method signature="LoginAPICarLoan()[pri:0, instance:test.day3@7f485fda]" started-at="2024-11-04T23:36:45 IST" name="LoginAPICarLoan" finished-at="2024-11-04T23:36:45 IST" duration-ms="2" status="PASS">
          <reporter-output>
          </reporter-output>
        </test-method> <!-- LoginAPICarLoan -->
        <test-method signature="WebLoginCarLoan()[pri:0, instance:test.day3@7f485fda]" started-at="2024-11-04T23:36:45 IST" name="WebLoginCarLoan" finished-at="2024-11-04T23:36:45 IST" duration-ms="3" status="PASS">
          <reporter-output>
          </reporter-output>
        </test-method> <!-- WebLoginCarLoan -->
      </class> <!-- test.day3 -->
    </test> <!-- Car Loan -->
    <test started-at="2024-11-04T23:36:45 IST" name="Home Loan" finished-at="2024-11-04T23:36:45 IST" duration-ms="9">
      <class name="test.day4">
        <test-method signature="WebLoginHomeLoan()[pri:0, instance:test.day4@909217e]" started-at="2024-11-04T23:36:45 IST" name="WebLoginHomeLoan" finished-at="2024-11-04T23:36:45 IST" duration-ms="2" status="PASS">
          <reporter-output>
          </reporter-output>
        </test-method> <!-- WebLoginHomeLoan -->
      </class> <!-- test.day4 -->
    </test> <!-- Home Loan -->
  </suite> <!-- Loan Department -->
</testng-results>
