<?xml version="1.0" encoding="UTF-8"?>
<testng-results ignored="0" total="8" passed="8" failed="0" skipped="0">
  <reporter-output>
  </reporter-output>
  <suite started-at="2024-12-06T21:42:41 IST" name="Loan Department" finished-at="2024-12-06T21:42:41 IST" duration-ms="291">
    <groups>
      <group name="Smoke">
        <method signature="day3.MobileLoginCarLoan()[pri:0, instance:test.day3@795509d9]" name="MobileLoginCarLoan" class="test.day3"/>
        <method signature="day2.secondTest()[pri:0, instance:test.day2@1cf6d1be]" name="secondTest" class="test.day2"/>
      </group> <!-- Smoke -->
    </groups>
    <test started-at="2024-12-06T21:42:41 IST" name="Personal Loan" finished-at="2024-12-06T21:42:41 IST" duration-ms="159">
      <class name="test.day2">
        <test-method is-config="true" signature="firstexecution()[pri:0, instance:test.day2@1cf6d1be]" started-at="2024-12-06T21:42:41 IST" name="firstexecution" finished-at="2024-12-06T21:42:41 IST" duration-ms="2" status="PASS">
          <reporter-output>
          </reporter-output>
        </test-method> <!-- firstexecution -->
        <test-method signature="secondTest()[pri:0, instance:test.day2@1cf6d1be]" started-at="2024-12-06T21:42:41 IST" name="secondTest" finished-at="2024-12-06T21:42:41 IST" duration-ms="2" status="PASS">
          <reporter-output>
          </reporter-output>
        </test-method> <!-- secondTest -->
        <test-method is-config="true" signature="lastexecution()[pri:0, instance:test.day2@1cf6d1be]" started-at="2024-12-06T21:42:41 IST" name="lastexecution" finished-at="2024-12-06T21:42:41 IST" duration-ms="2" status="PASS">
          <reporter-output>
          </reporter-output>
        </test-method> <!-- lastexecution -->
      </class> <!-- test.day2 -->
      <class name="test.day3">
        <test-method is-config="true" signature="beforemethod()[pri:0, instance:test.day3@795509d9]" started-at="2024-12-06T21:42:41 IST" name="beforemethod" finished-at="2024-12-06T21:42:41 IST" duration-ms="0" status="PASS">
          <reporter-output>
          </reporter-output>
        </test-method> <!-- beforemethod -->
        <test-method signature="MobileLoginCarLoan()[pri:0, instance:test.day3@795509d9]" started-at="2024-12-06T21:42:41 IST" name="MobileLoginCarLoan" finished-at="2024-12-06T21:42:41 IST" duration-ms="3" status="PASS">
          <reporter-output>
          </reporter-output>
        </test-method> <!-- MobileLoginCarLoan -->
        <test-method is-config="true" signature="aftermethod()[pri:0, instance:test.day3@795509d9]" started-at="2024-12-06T21:42:41 IST" name="aftermethod" finished-at="2024-12-06T21:42:41 IST" duration-ms="1" status="PASS">
          <reporter-output>
          </reporter-output>
        </test-method> <!-- aftermethod -->
        <test-method signature="MobilesignoutCarLoan()[pri:0, instance:test.day3@795509d9]" started-at="2024-12-06T21:42:41 IST" name="MobilesignoutCarLoan" finished-at="2024-12-06T21:42:41 IST" duration-ms="10" status="PASS">
          <reporter-output>
          </reporter-output>
        </test-method> <!-- MobilesignoutCarLoan -->
        <test-method is-config="true" signature="beforemethod()[pri:0, instance:test.day3@795509d9]" started-at="2024-12-06T21:42:41 IST" name="beforemethod" finished-at="2024-12-06T21:42:41 IST" duration-ms="0" status="PASS">
          <reporter-output>
          </reporter-output>
        </test-method> <!-- beforemethod -->
        <test-method is-config="true" signature="aftermethod()[pri:0, instance:test.day3@795509d9]" started-at="2024-12-06T21:42:41 IST" name="aftermethod" finished-at="2024-12-06T21:42:41 IST" duration-ms="2" status="PASS">
          <reporter-output>
          </reporter-output>
        </test-method> <!-- aftermethod -->
        <test-method is-config="true" signature="beforemethod()[pri:0, instance:test.day3@795509d9]" started-at="2024-12-06T21:42:41 IST" name="beforemethod" finished-at="2024-12-06T21:42:41 IST" duration-ms="1" status="PASS">
          <reporter-output>
          </reporter-output>
        </test-method> <!-- beforemethod -->
        <test-method signature="WebLoginCarLoan(java.lang.String)[pri:0, instance:test.day3@795509d9]" started-at="2024-12-06T21:42:41 IST" name="WebLoginCarLoan" finished-at="2024-12-06T21:42:41 IST" duration-ms="5" status="PASS">
          <params>
            <param index="0">
              <value>
                <![CDATA[personalloan.com]]>
              </value>
            </param>
          </params>
          <reporter-output>
          </reporter-output>
        </test-method> <!-- WebLoginCarLoan -->
        <test-method is-config="true" signature="aftermethod()[pri:0, instance:test.day3@795509d9]" started-at="2024-12-06T21:42:41 IST" name="aftermethod" finished-at="2024-12-06T21:42:41 IST" duration-ms="1" status="PASS">
          <reporter-output>
          </reporter-output>
        </test-method> <!-- aftermethod -->
        <test-method is-config="true" signature="beforemethod()[pri:0, instance:test.day3@795509d9]" started-at="2024-12-06T21:42:41 IST" name="beforemethod" finished-at="2024-12-06T21:42:41 IST" duration-ms="1" status="PASS">
          <reporter-output>
          </reporter-output>
        </test-method> <!-- beforemethod -->
        <test-method signature="LoginAPICarLoan()[pri:0, instance:test.day3@795509d9]" started-at="2024-12-06T21:42:41 IST" name="LoginAPICarLoan" finished-at="2024-12-06T21:42:41 IST" depends-on-methods="test.day3.WebLoginCarLoan" duration-ms="3" status="PASS">
          <reporter-output>
          </reporter-output>
        </test-method> <!-- LoginAPICarLoan -->
        <test-method is-config="true" signature="aftermethod()[pri:0, instance:test.day3@795509d9]" started-at="2024-12-06T21:42:41 IST" name="aftermethod" finished-at="2024-12-06T21:42:41 IST" duration-ms="5" status="PASS">
          <reporter-output>
          </reporter-output>
        </test-method> <!-- aftermethod -->
      </class> <!-- test.day3 -->
      <class name="test.day1">
        <test-method signature="firstTest()[pri:0, instance:test.day1@58cbafc2]" started-at="2024-12-06T21:42:41 IST" name="firstTest" finished-at="2024-12-06T21:42:41 IST" duration-ms="11" status="PASS">
          <reporter-output>
          </reporter-output>
        </test-method> <!-- firstTest -->
      </class> <!-- test.day1 -->
    </test> <!-- Personal Loan -->
    <test started-at="2024-12-06T21:42:41 IST" name="Car Loan" finished-at="2024-12-06T21:42:41 IST" duration-ms="18">
      <class name="test.day4">
        <test-method is-config="true" signature="beforeclass()[pri:0, instance:test.day4@514646ef]" started-at="2024-12-06T21:42:41 IST" name="beforeclass" finished-at="2024-12-06T21:42:41 IST" duration-ms="1" status="PASS">
          <reporter-output>
          </reporter-output>
        </test-method> <!-- beforeclass -->
        <test-method signature="LoginAPIHomeLoan()[pri:0, instance:test.day4@514646ef]" started-at="2024-12-06T21:42:41 IST" name="LoginAPIHomeLoan" finished-at="2024-12-06T21:42:41 IST" duration-ms="4" status="PASS">
          <reporter-output>
          </reporter-output>
        </test-method> <!-- LoginAPIHomeLoan -->
        <test-method signature="WebLoginHomeLoan()[pri:0, instance:test.day4@514646ef]" started-at="2024-12-06T21:42:41 IST" name="WebLoginHomeLoan" finished-at="2024-12-06T21:42:41 IST" duration-ms="1" status="PASS">
          <reporter-output>
          </reporter-output>
        </test-method> <!-- WebLoginHomeLoan -->
        <test-method is-config="true" signature="afterclass()[pri:0, instance:test.day4@514646ef]" started-at="2024-12-06T21:42:41 IST" name="afterclass" finished-at="2024-12-06T21:42:41 IST" duration-ms="2" status="PASS">
          <reporter-output>
          </reporter-output>
        </test-method> <!-- afterclass -->
      </class> <!-- test.day4 -->
      <class name="test.day1">
        <test-method is-config="true" signature="beforesuite()[pri:0, instance:test.day1@58cbafc2]" started-at="2024-12-06T21:42:41 IST" name="beforesuite" finished-at="2024-12-06T21:42:41 IST" duration-ms="17" status="PASS">
          <reporter-output>
          </reporter-output>
        </test-method> <!-- beforesuite -->
        <test-method is-config="true" signature="aftersuite()[pri:0, instance:test.day1@58cbafc2]" started-at="2024-12-06T21:42:41 IST" name="aftersuite" finished-at="2024-12-06T21:42:41 IST" duration-ms="1" status="PASS">
          <reporter-output>
          </reporter-output>
        </test-method> <!-- aftersuite -->
      </class> <!-- test.day1 -->
    </test> <!-- Car Loan -->
  </suite> <!-- Loan Department -->
</testng-results>
