<?xml version="1.0" encoding="UTF-8"?>
<testng-results ignored="0" total="9" passed="9" failed="0" skipped="0">
  <reporter-output>
  </reporter-output>
  <suite started-at="2024-11-04T23:26:52 IST" name="Loan Department" finished-at="2024-11-04T23:26:52 IST" duration-ms="277">
    <groups>
    </groups>
    <test started-at="2024-11-04T23:26:52 IST" name="Personal Loan" finished-at="2024-11-04T23:26:52 IST" duration-ms="92">
      <class name="test.day2">
        <test-method signature="Ploan()[pri:0, instance:test.day2@2e6a8155]" started-at="2024-11-04T23:26:52 IST" name="Ploan" finished-at="2024-11-04T23:26:52 IST" duration-ms="2" status="PASS">
          <reporter-output>
          </reporter-output>
        </test-method> <!-- Ploan -->
      </class> <!-- test.day2 -->
      <class name="test.day1">
        <test-method signature="Demo()[pri:0, instance:test.day1@783a467b]" started-at="2024-11-04T23:26:52 IST" name="Demo" finished-at="2024-11-04T23:26:52 IST" duration-ms="13" status="PASS">
          <reporter-output>
          </reporter-output>
        </test-method> <!-- Demo -->
        <test-method signature="SecondTest()[pri:0, instance:test.day1@783a467b]" started-at="2024-11-04T23:26:52 IST" name="SecondTest" finished-at="2024-11-04T23:26:52 IST" duration-ms="8" status="PASS">
          <reporter-output>
          </reporter-output>
        </test-method> <!-- SecondTest -->
      </class> <!-- test.day1 -->
    </test> <!-- Personal Loan -->
    <test started-at="2024-11-04T23:26:52 IST" name="Car Loan" finished-at="2024-11-04T23:26:52 IST" duration-ms="27">
      <class name="test.day3">
        <test-method signature="LoginAPICarLoan()[pri:0, instance:test.day3@7f485fda]" started-at="2024-11-04T23:26:52 IST" name="LoginAPICarLoan" finished-at="2024-11-04T23:26:52 IST" duration-ms="3" status="PASS">
          <reporter-output>
          </reporter-output>
        </test-method> <!-- LoginAPICarLoan -->
        <test-method signature="MobileLoginCarLoan()[pri:0, instance:test.day3@7f485fda]" started-at="2024-11-04T23:26:52 IST" name="MobileLoginCarLoan" finished-at="2024-11-04T23:26:52 IST" duration-ms="5" status="PASS">
          <reporter-output>
          </reporter-output>
        </test-method> <!-- MobileLoginCarLoan -->
        <test-method signature="WebLoginCarLoan()[pri:0, instance:test.day3@7f485fda]" started-at="2024-11-04T23:26:52 IST" name="WebLoginCarLoan" finished-at="2024-11-04T23:26:52 IST" duration-ms="2" status="PASS">
          <reporter-output>
          </reporter-output>
        </test-method> <!-- WebLoginCarLoan -->
      </class> <!-- test.day3 -->
    </test> <!-- Car Loan -->
    <test started-at="2024-11-04T23:26:52 IST" name="Home Loan" finished-at="2024-11-04T23:26:52 IST" duration-ms="37">
      <class name="test.day4">
        <test-method signature="LoginAPIHomeLoan()[pri:0, instance:test.day4@3ba987b8]" started-at="2024-11-04T23:26:52 IST" name="LoginAPIHomeLoan" finished-at="2024-11-04T23:26:52 IST" duration-ms="3" status="PASS">
          <reporter-output>
          </reporter-output>
        </test-method> <!-- LoginAPIHomeLoan -->
        <test-method signature="MobileLoginHomeLoan()[pri:0, instance:test.day4@3ba987b8]" started-at="2024-11-04T23:26:52 IST" name="MobileLoginHomeLoan" finished-at="2024-11-04T23:26:52 IST" duration-ms="4" status="PASS">
          <reporter-output>
          </reporter-output>
        </test-method> <!-- MobileLoginHomeLoan -->
        <test-method signature="WebLoginHomeLoan()[pri:0, instance:test.day4@3ba987b8]" started-at="2024-11-04T23:26:52 IST" name="WebLoginHomeLoan" finished-at="2024-11-04T23:26:52 IST" duration-ms="3" status="PASS">
          <reporter-output>
          </reporter-output>
        </test-method> <!-- WebLoginHomeLoan -->
      </class> <!-- test.day4 -->
    </test> <!-- Home Loan -->
  </suite> <!-- Loan Department -->
</testng-results>
