<?xml version="1.0" encoding="UTF-8"?>
<testng-results ignored="0" total="3" passed="3" failed="0" skipped="0">
  <reporter-output>
  </reporter-output>
  <suite started-at="2024-12-02T01:34:56 IST" name="Loan Department" finished-at="2024-12-02T01:34:56 IST" duration-ms="229">
    <groups>
      <group name="Smoke">
        <method signature="day2.Ploan()[pri:0, instance:test.day2@4b741d6d]" name="Ploan" class="test.day2"/>
        <method signature="day3.MobileLoginCarLoan()[pri:0, instance:test.day3@2eae8e6e]" name="MobileLoginCarLoan" class="test.day3"/>
        <method signature="day4.MobileLoginHomeLoan()[pri:0, instance:test.day4@8f2ef19]" name="MobileLoginHomeLoan" class="test.day4"/>
      </group> <!-- Smoke -->
    </groups>
    <test started-at="2024-12-02T01:34:56 IST" name="Regression" finished-at="2024-12-02T01:34:56 IST" duration-ms="229">
      <class name="test.day4">
        <test-method signature="MobileLoginHomeLoan()[pri:0, instance:test.day4@8f2ef19]" started-at="2024-12-02T01:34:56 IST" name="MobileLoginHomeLoan" finished-at="2024-12-02T01:34:56 IST" duration-ms="9" status="PASS">
          <reporter-output>
          </reporter-output>
        </test-method> <!-- MobileLoginHomeLoan -->
      </class> <!-- test.day4 -->
      <class name="test.day2">
        <test-method signature="Ploan()[pri:0, instance:test.day2@4b741d6d]" started-at="2024-12-02T01:34:56 IST" name="Ploan" finished-at="2024-12-02T01:34:56 IST" duration-ms="31" status="PASS">
          <reporter-output>
          </reporter-output>
        </test-method> <!-- Ploan -->
      </class> <!-- test.day2 -->
      <class name="test.day3">
        <test-method signature="MobileLoginCarLoan()[pri:0, instance:test.day3@2eae8e6e]" started-at="2024-12-02T01:34:56 IST" name="MobileLoginCarLoan" finished-at="2024-12-02T01:34:56 IST" duration-ms="2" status="PASS">
          <reporter-output>
          </reporter-output>
        </test-method> <!-- MobileLoginCarLoan -->
      </class> <!-- test.day3 -->
    </test> <!-- Regression -->
  </suite> <!-- Loan Department -->
</testng-results>
