<?xml version="1.0" encoding="UTF-8"?>
<testng-results ignored="0" total="11" passed="11" failed="0" skipped="0">
  <reporter-output>
  </reporter-output>
  <suite started-at="2024-12-02T00:07:29 IST" name="Loan Department" finished-at="2024-12-02T00:07:29 IST" duration-ms="416">
    <groups>
    </groups>
    <test started-at="2024-12-02T00:07:29 IST" name="Personal Loan" finished-at="2024-12-02T00:07:29 IST" duration-ms="416">
      <class name="test.day4">
        <test-method signature="LoginAPIHomeLoan()[pri:0, instance:test.day4@f78a47e]" started-at="2024-12-02T00:07:29 IST" name="LoginAPIHomeLoan" finished-at="2024-12-02T00:07:29 IST" duration-ms="15" status="PASS">
          <reporter-output>
          </reporter-output>
        </test-method> <!-- LoginAPIHomeLoan -->
        <test-method signature="MobileLoginHomeLoan()[pri:0, instance:test.day4@f78a47e]" started-at="2024-12-02T00:07:29 IST" name="MobileLoginHomeLoan" finished-at="2024-12-02T00:07:29 IST" duration-ms="4" status="PASS">
          <reporter-output>
          </reporter-output>
        </test-method> <!-- MobileLoginHomeLoan -->
        <test-method signature="WebLoginHomeLoan()[pri:0, instance:test.day4@f78a47e]" started-at="2024-12-02T00:07:29 IST" name="WebLoginHomeLoan" finished-at="2024-12-02T00:07:29 IST" duration-ms="1" status="PASS">
          <reporter-output>
          </reporter-output>
        </test-method> <!-- WebLoginHomeLoan -->
      </class> <!-- test.day4 -->
      <class name="test.day2">
        <test-method signature="Ploan()[pri:0, instance:test.day2@740cae06]" started-at="2024-12-02T00:07:29 IST" name="Ploan" finished-at="2024-12-02T00:07:29 IST" duration-ms="26" status="PASS">
          <reporter-output>
          </reporter-output>
        </test-method> <!-- Ploan -->
      </class> <!-- test.day2 -->
      <class name="test.day3">
        <test-method signature="LoginAPICarLoan()[pri:0, instance:test.day3@26d9b808]" started-at="2024-12-02T00:07:29 IST" name="LoginAPICarLoan" finished-at="2024-12-02T00:07:29 IST" duration-ms="13" status="PASS">
          <reporter-output>
          </reporter-output>
        </test-method> <!-- LoginAPICarLoan -->
        <test-method signature="MobileLoginCarLoan()[pri:0, instance:test.day3@26d9b808]" started-at="2024-12-02T00:07:29 IST" name="MobileLoginCarLoan" finished-at="2024-12-02T00:07:29 IST" duration-ms="13" status="PASS">
          <reporter-output>
          </reporter-output>
        </test-method> <!-- MobileLoginCarLoan -->
        <test-method signature="MobilesigninCarLoan()[pri:0, instance:test.day3@26d9b808]" started-at="2024-12-02T00:07:29 IST" name="MobilesigninCarLoan" finished-at="2024-12-02T00:07:29 IST" duration-ms="6" status="PASS">
          <reporter-output>
          </reporter-output>
        </test-method> <!-- MobilesigninCarLoan -->
        <test-method signature="MobilesignoutCarLoan()[pri:0, instance:test.day3@26d9b808]" started-at="2024-12-02T00:07:29 IST" name="MobilesignoutCarLoan" finished-at="2024-12-02T00:07:29 IST" duration-ms="13" status="PASS">
          <reporter-output>
          </reporter-output>
        </test-method> <!-- MobilesignoutCarLoan -->
        <test-method signature="WebLoginCarLoan()[pri:0, instance:test.day3@26d9b808]" started-at="2024-12-02T00:07:29 IST" name="WebLoginCarLoan" finished-at="2024-12-02T00:07:29 IST" duration-ms="7" status="PASS">
          <reporter-output>
          </reporter-output>
        </test-method> <!-- WebLoginCarLoan -->
      </class> <!-- test.day3 -->
      <class name="test.day1">
        <test-method signature="Demo()[pri:0, instance:test.day1@1c7696c6]" started-at="2024-12-02T00:07:29 IST" name="Demo" finished-at="2024-12-02T00:07:29 IST" duration-ms="34" status="PASS">
          <reporter-output>
          </reporter-output>
        </test-method> <!-- Demo -->
        <test-method signature="SecondTest()[pri:0, instance:test.day1@1c7696c6]" started-at="2024-12-02T00:07:29 IST" name="SecondTest" finished-at="2024-12-02T00:07:29 IST" duration-ms="8" status="PASS">
          <reporter-output>
          </reporter-output>
        </test-method> <!-- SecondTest -->
      </class> <!-- test.day1 -->
    </test> <!-- Personal Loan -->
  </suite> <!-- Loan Department -->
</testng-results>
