<?xml version="1.0" encoding="UTF-8"?>
<testng-results ignored="0" total="3" passed="3" failed="0" skipped="0">
  <reporter-output>
  </reporter-output>
  <suite started-at="2024-11-04T23:06:42 IST" name="Loan Department" finished-at="2024-11-04T23:06:42 IST" duration-ms="145">
    <groups>
    </groups>
    <test started-at="2024-11-04T23:06:42 IST" name="Personal Loan" finished-at="2024-11-04T23:06:42 IST" duration-ms="145">
      <class name="test.day2">
        <test-method signature="Ploan()[pri:0, instance:test.day2@2e6a8155]" started-at="2024-11-04T23:06:42 IST" name="Ploan" finished-at="2024-11-04T23:06:42 IST" duration-ms="9" status="PASS">
          <reporter-output>
          </reporter-output>
        </test-method> <!-- Ploan -->
      </class> <!-- test.day2 -->
      <class name="test.day1">
        <test-method signature="Demo()[pri:0, instance:test.day1@783a467b]" started-at="2024-11-04T23:06:42 IST" name="Demo" finished-at="2024-11-04T23:06:42 IST" duration-ms="30" status="PASS">
          <reporter-output>
          </reporter-output>
        </test-method> <!-- Demo -->
        <test-method signature="SecondTest()[pri:0, instance:test.day1@783a467b]" started-at="2024-11-04T23:06:42 IST" name="SecondTest" finished-at="2024-11-04T23:06:42 IST" duration-ms="3" status="PASS">
          <reporter-output>
          </reporter-output>
        </test-method> <!-- SecondTest -->
      </class> <!-- test.day1 -->
    </test> <!-- Personal Loan -->
  </suite> <!-- Loan Department -->
</testng-results>
