<?xml version="1.0" encoding="UTF-8"?>
<testng-results ignored="0" total="1" passed="1" failed="0" skipped="0">
  <reporter-output>
  </reporter-output>
  <suite started-at="2024-12-07T11:17:16 IST" name="Default suite" finished-at="2024-12-07T11:17:16 IST" duration-ms="425">
    <groups>
    </groups>
    <test started-at="2024-12-07T11:17:16 IST" name="Default test" finished-at="2024-12-07T11:17:16 IST" duration-ms="425">
      <class name="test.oop_testng_child">
        <test-method is-config="true" signature="runMeFirst()[pri:0, instance:test.oop_testng_child@576d5deb]" started-at="2024-12-07T11:17:16 IST" name="runMeFirst" finished-at="2024-12-07T11:17:16 IST" duration-ms="50" status="PASS">
          <reporter-output>
          </reporter-output>
        </test-method> <!-- runMeFirst -->
        <test-method signature="testRun()[pri:0, instance:test.oop_testng_child@576d5deb]" started-at="2024-12-07T11:17:16 IST" name="testRun" finished-at="2024-12-07T11:17:16 IST" duration-ms="231" status="PASS">
          <reporter-output>
          </reporter-output>
        </test-method> <!-- testRun -->
        <test-method is-config="true" signature="runMeLast()[pri:0, instance:test.oop_testng_child@576d5deb]" started-at="2024-12-07T11:17:16 IST" name="runMeLast" finished-at="2024-12-07T11:17:16 IST" duration-ms="2" status="PASS">
          <reporter-output>
          </reporter-output>
        </test-method> <!-- runMeLast -->
      </class> <!-- test.oop_testng_child -->
    </test> <!-- Default test -->
  </suite> <!-- Default suite -->
</testng-results>
